<?xml version="1.0" encoding="UTF-8"?>
<TestRun id="110683b5-ed46-4c39-aba3-23a21b8244e8" name="emanuel@DESK007 2015-09-11 11:28:03" runUser="CRONNUS\emanuel" xmlns="http://microsoft.com/schemas/VisualStudio/TeamTest/2010">
  <TestSettings name="Local" id="8ad6501e-6e20-41f6-8611-6279631e35c3">
    <Description>These are default test settings for a local test run.</Description>
    <Deployment enabled="false" runDeploymentRoot="emanuel_DESK007 2015-09-11 11_28_03">
      <DeploymentItem filename="C:\Users\emanuel\Documents\GitHub\AtualizaBase\TesteGitBase\TesteGitBase\bin\TesteGitBase.dll" />
    </Deployment>
    <Execution>
      <TestTypeSpecific />
      <AgentRule name="Execution Agents">
      </AgentRule>
    </Execution>
  </TestSettings>
  <Times creation="2015-09-11T11:28:03.4195499-03:00" queuing="2015-09-11T11:28:03.7145668-03:00" start="2015-09-11T11:28:03.7315678-03:00" finish="2015-09-11T11:28:04.6036176-03:00" />
  <ResultSummary outcome="Completed">
    <Counters total="1" executed="1" passed="1" error="0" failed="0" timeout="0" aborted="0" inconclusive="0" passedButRunAborted="0" notRunnable="0" notExecuted="0" disconnected="0" warning="0" completed="0" inProgress="0" pending="0" />
  </ResultSummary>
  <TestDefinitions>
    <UnitTest name="Soma_nao_pode_ser_menor_que_5" storage="c:\users\emanuel\documents\github\atualizabase\testegitbase\testprojectgitbase\bin\debug\testprojectgitbase.dll" id="9fd4e1cf-aed2-c5cf-02ea-0a9cff1e4f09">
      <Execution id="e70f7231-7378-472f-af3a-6fa7391624fe" />
      <TestMethod codeBase="C:/Users/emanuel/Documents/GitHub/AtualizaBase/TesteGitBase/TestProjectGitBase/bin/Debug/TestProjectGitBase.DLL" adapterTypeName="Microsoft.VisualStudio.TestTools.TestTypes.Unit.UnitTestAdapter, Microsoft.VisualStudio.QualityTools.Tips.UnitTest.Adapter, Version=10.0.0.0, Culture=neutral, PublicKeyToken=b03f5f7f11d50a3a" className="TestProjectGitBase.UnitTest1, TestProjectGitBase, Version=1.0.0.0, Culture=neutral, PublicKeyToken=null" name="Soma_nao_pode_ser_menor_que_5" />
    </UnitTest>
  </TestDefinitions>
  <TestLists>
    <TestList name="Results Not in a List" id="8c84fa94-04c1-424b-9868-57a2d4851a1d" />
    <TestList name="All Loaded Results" id="19431567-8539-422a-85d7-44ee4e166bda" />
  </TestLists>
  <TestEntries>
    <TestEntry testId="9fd4e1cf-aed2-c5cf-02ea-0a9cff1e4f09" executionId="e70f7231-7378-472f-af3a-6fa7391624fe" testListId="8c84fa94-04c1-424b-9868-57a2d4851a1d" />
  </TestEntries>
  <Results>
    <UnitTestResult executionId="e70f7231-7378-472f-af3a-6fa7391624fe" testId="9fd4e1cf-aed2-c5cf-02ea-0a9cff1e4f09" testName="Soma_nao_pode_ser_menor_que_5" computerName="DESK007" duration="00:00:00.0203133" startTime="2015-09-11T11:28:04.0515861-03:00" endTime="2015-09-11T11:28:04.5776162-03:00" testType="13cdc9d9-ddb5-4fa4-a97d-d965ccfc6d4b" outcome="Passed" testListId="8c84fa94-04c1-424b-9868-57a2d4851a1d" relativeResultsDirectory="e70f7231-7378-472f-af3a-6fa7391624fe">
    </UnitTestResult>
  </Results>
</TestRun>