<?xml version="1.0" encoding="UTF-8"?>
<TestRun id="de1ac2ee-3262-4653-9096-c0c98d66a1d1" name="emanuel@DESK007 2015-09-11 14:26:49" runUser="CRONNUS\emanuel" xmlns="http://microsoft.com/schemas/VisualStudio/TeamTest/2010">
  <TestSettings name="Local" id="8ad6501e-6e20-41f6-8611-6279631e35c3">
    <Description>These are default test settings for a local test run.</Description>
    <Deployment enabled="false" runDeploymentRoot="emanuel_DESK007 2015-09-11 14_26_49">
      <DeploymentItem filename="C:\Users\emanuel\Documents\GitHub\AtualizaBase\TesteGitBase\TesteGitBase\bin\TesteGitBase.dll" />
    </Deployment>
    <Execution>
      <TestTypeSpecific />
      <AgentRule name="Execution Agents">
      </AgentRule>
    </Execution>
  </TestSettings>
  <Times creation="2015-09-11T14:26:49.9200707-03:00" queuing="2015-09-11T14:26:49.9980751-03:00" start="2015-09-11T14:26:50.0270768-03:00" finish="2015-09-11T14:26:50.2690906-03:00" />
  <ResultSummary outcome="Error">
    <Counters total="1" executed="1" error="1" failed="0" timeout="0" aborted="0" inconclusive="0" passedButRunAborted="0" notRunnable="0" notExecuted="0" disconnected="0" warning="0" passed="0" completed="0" inProgress="0" pending="0" />
    <RunInfos>
      <RunInfo computerName="DESK007" outcome="Warning" timestamp="2015-09-11T14:26:49.9980751-03:00">
        <Text>Deployment is currently disabled. The deployment item 'TesteGitBase.dll' on test 'TestProjectGitBase.Class1Test.valor_nao_pode_ser_menor_que_5' was not deployed.</Text>
      </RunInfo>
    </RunInfos>
  </ResultSummary>
  <TestDefinitions>
    <UnitTest name="valor_nao_pode_ser_menor_que_5" storage="c:\users\emanuel\documents\github\atualizabase\testegitbase\testprojectgitbase\bin\debug\testprojectgitbase.dll" id="32fbdb97-1d0e-12a2-77f7-c532b7703d7b">
      <DeploymentItems>
        <DeploymentItem filename="TesteGitBase.dll" />
      </DeploymentItems>
      <Execution id="8e64398c-6d1b-4dd4-a6de-b0a05c884d23" />
      <TestMethod codeBase="C:/Users/emanuel/Documents/GitHub/AtualizaBase/TesteGitBase/TestProjectGitBase/bin/Debug/TestProjectGitBase.DLL" adapterTypeName="Microsoft.VisualStudio.TestTools.TestTypes.Unit.UnitTestAdapter, Microsoft.VisualStudio.QualityTools.Tips.UnitTest.Adapter, Version=10.0.0.0, Culture=neutral, PublicKeyToken=b03f5f7f11d50a3a" className="TestProjectGitBase.Class1Test, TestProjectGitBase, Version=1.0.0.0, Culture=neutral, PublicKeyToken=null" name="valor_nao_pode_ser_menor_que_5" />
      <AspNet webSiteUrl="http://localhost:2855/">
        <Host pathToWebApp="C:\Users\emanuel\Documents\GitHub\AtualizaBase\TesteGitBase\TesteGitBase" webAppRoot="/" />
      </AspNet>
    </UnitTest>
  </TestDefinitions>
  <TestLists>
    <TestList name="Results Not in a List" id="8c84fa94-04c1-424b-9868-57a2d4851a1d" />
    <TestList name="All Loaded Results" id="19431567-8539-422a-85d7-44ee4e166bda" />
  </TestLists>
  <TestEntries>
    <TestEntry testId="32fbdb97-1d0e-12a2-77f7-c532b7703d7b" executionId="8e64398c-6d1b-4dd4-a6de-b0a05c884d23" testListId="8c84fa94-04c1-424b-9868-57a2d4851a1d" />
  </TestEntries>
  <Results>
    <UnitTestResult executionId="8e64398c-6d1b-4dd4-a6de-b0a05c884d23" testId="32fbdb97-1d0e-12a2-77f7-c532b7703d7b" testName="valor_nao_pode_ser_menor_que_5" computerName="DESK007" duration="00:00:00.1580090" startTime="2015-09-11T14:26:50.0520782-03:00" endTime="2015-09-11T14:26:50.2100872-03:00" testType="13cdc9d9-ddb5-4fa4-a97d-d965ccfc6d4b" testListId="8c84fa94-04c1-424b-9868-57a2d4851a1d" relativeResultsDirectory="8e64398c-6d1b-4dd4-a6de-b0a05c884d23">
      <Output>
        <ErrorInfo>
          <Message>The test adapter 'WebHostAdapter' threw an exception while running test 'valor_nao_pode_ser_menor_que_5'. The web site could not be configured correctly; getting ASP.NET process information failed. Requesting 'http://localhost:2855/VSEnterpriseHelper.axd' returned an error: O servidor remoto retornou um erro: (500) Erro Interno do Servidor.
O servidor remoto retornou um erro: (500) Erro Interno do Servidor.</Message>
        </ErrorInfo>
      </Output>
    </UnitTestResult>
  </Results>
</TestRun>